<?xml version="1.0" encoding="UTF-8"?>
<!-- Generated by org.testng.reporters.JUnitXMLReporter -->
<testsuite ignored="2" hostname="LAPTOP-2P2KGHCT" failures="0" tests="3" name="Enable" time="10.131" errors="0" timestamp="2023-07-08T00:37:34 IST">
  <testcase classname="TestNG_Features.Enable_XML_file" name="Test1" time="0.004"/>
  <testcase classname="TestNG_Features.Enable_XML_file" name="Test3" time="0.001"/>
  <testcase classname="TestNG_Features.Enable_XML_file" name="Test2" time="0.001"/>
  <testcase classname="TestNG_Features.Enable_XML_file" name="B" time="0.0">
    <ignored/>
  </testcase> <!-- B -->
  <testcase classname="TestNG_Features.Enable_XML_file" name="A" time="0.0">
    <ignored/>
  </testcase> <!-- A -->
</testsuite> <!-- Enable -->
